ERROR [main] simpledata.filetools.SimpleException	SimpleException200: Invalid Parameters for DES Encryption com.simpledata.filetools.SimpleException.<init>(SimpleException.java:94)
ERROR [main] simpledata.filetools.Secu	SimpleException com.simpledata.filetools.Secu.getData(Secu.java:550)
com.simpledata.filetools.SimpleException: Invalid Parameters for DES Encryption
	at com.simpledata.filetools.encoders.SelfDC_DES.getDecoder(SelfDC_DES.java:160)
	at com.simpledata.filetools.SecuSelf.getDecoder(SecuSelf.java:142)
	at com.simpledata.filetools.SecuSelf.readPart(SecuSelf.java:387)
	at com.simpledata.filetools.SecuSelf.getData(SecuSelf.java:352)
	at com.simpledata.filetools.Secu.getData(Secu.java:487)
	at com.simpledata.filetools.Secu.getData(Secu.java:437)
	at com.simpledata.filetools.Secu.getData(Secu.java:416)
	at com.simpledata.bc.BC.loadParameters(BC.java:521)
	at com.simpledata.bc.BC.initWorkingSpace(BC.java:507)
	at com.simpledata.bc.BC.<init>(BC.java:143)
	at com.simpledata.bc.BC.main(BC.java:96)
ERROR [main] simpledata.bc.BC	BC:Error loadin parameters  com.simpledata.bc.BC.loadParameters(BC.java:524)
com.simpledata.filetools.SimpleException: Invalid Parameters for DES Encryption
	at com.simpledata.filetools.encoders.SelfDC_DES.getDecoder(SelfDC_DES.java:160)
	at com.simpledata.filetools.SecuSelf.getDecoder(SecuSelf.java:142)
	at com.simpledata.filetools.SecuSelf.readPart(SecuSelf.java:387)
	at com.simpledata.filetools.SecuSelf.getData(SecuSelf.java:352)
	at com.simpledata.filetools.Secu.getData(Secu.java:487)
	at com.simpledata.filetools.Secu.getData(Secu.java:437)
	at com.simpledata.filetools.Secu.getData(Secu.java:416)
	at com.simpledata.bc.BC.loadParameters(BC.java:521)
	at com.simpledata.bc.BC.initWorkingSpace(BC.java:507)
	at com.simpledata.bc.BC.<init>(BC.java:143)
	at com.simpledata.bc.BC.main(BC.java:96)
ERROR [main] simpledata.filetools.SimpleException	SimpleException200: Invalid Parameters for DES Encryption com.simpledata.filetools.SimpleException.<init>(SimpleException.java:94)
ERROR [main] simpledata.filetools.Secu	SimpleException com.simpledata.filetools.Secu.getData(Secu.java:550)
com.simpledata.filetools.SimpleException: Invalid Parameters for DES Encryption
	at com.simpledata.filetools.encoders.SelfDC_DES.getDecoder(SelfDC_DES.java:160)
	at com.simpledata.filetools.SecuSelf.getDecoder(SecuSelf.java:142)
	at com.simpledata.filetools.SecuSelf.readPart(SecuSelf.java:387)
	at com.simpledata.filetools.SecuSelf.getData(SecuSelf.java:352)
	at com.simpledata.filetools.Secu.getData(Secu.java:487)
	at com.simpledata.filetools.Secu.getData(Secu.java:437)
	at com.simpledata.filetools.Secu.getData(Secu.java:416)
	at com.simpledata.bc.BC.loadParameters(BC.java:532)
	at com.simpledata.bc.BC.initWorkingSpace(BC.java:507)
	at com.simpledata.bc.BC.<init>(BC.java:143)
	at com.simpledata.bc.BC.main(BC.java:96)
ERROR [main] simpledata.bc.BC	BC:Error loadin backup parameters  com.simpledata.bc.BC.loadParameters(BC.java:536)
com.simpledata.filetools.SimpleException: Invalid Parameters for DES Encryption
	at com.simpledata.filetools.encoders.SelfDC_DES.getDecoder(SelfDC_DES.java:160)
	at com.simpledata.filetools.SecuSelf.getDecoder(SecuSelf.java:142)
	at com.simpledata.filetools.SecuSelf.readPart(SecuSelf.java:387)
	at com.simpledata.filetools.SecuSelf.getData(SecuSelf.java:352)
	at com.simpledata.filetools.Secu.getData(Secu.java:487)
	at com.simpledata.filetools.Secu.getData(Secu.java:437)
	at com.simpledata.filetools.Secu.getData(Secu.java:416)
	at com.simpledata.bc.BC.loadParameters(BC.java:532)
	at com.simpledata.bc.BC.initWorkingSpace(BC.java:507)
	at com.simpledata.bc.BC.<init>(BC.java:143)
	at com.simpledata.bc.BC.main(BC.java:96)
ERROR [main] simpledata.bc.BC	The Parameters file does not exist... creating it com.simpledata.bc.BC.loadParameters(BC.java:540)
ERROR [main] simpledata.bc.Params	Need to define a default value for key : companyName com.simpledata.bc.Params.getDefaultValue(Params.java:431)
ERROR [main] simpledata.filetools.SimpleException	SimpleException200: Invalid Parameters for DES Encryption com.simpledata.filetools.SimpleException.<init>(SimpleException.java:94)
ERROR [main] simpledata.filetools.Secu	SimpleException com.simpledata.filetools.Secu.getData(Secu.java:553)
com.simpledata.filetools.SimpleException: Invalid Parameters for DES Encryption
	at com.simpledata.filetools.encoders.SelfDC_DES.getDecoder(SelfDC_DES.java:160)
	at com.simpledata.filetools.SecuSelf.getDecoder(SecuSelf.java:142)
	at com.simpledata.filetools.SecuSelf.readPart(SecuSelf.java:387)
	at com.simpledata.filetools.SecuSelf.getData(SecuSelf.java:352)
	at com.simpledata.filetools.Secu.getData(Secu.java:490)
	at com.simpledata.filetools.Secu.getData(Secu.java:440)
	at com.simpledata.filetools.Secu.getData(Secu.java:419)
	at com.simpledata.bc.BC.loadParameters(BC.java:514)
	at com.simpledata.bc.BC.initWorkingSpace(BC.java:500)
	at com.simpledata.bc.BC.<init>(BC.java:136)
	at com.simpledata.bc.BC.main(BC.java:89)
ERROR [main] simpledata.bc.BC	BC:Error loadin parameters  com.simpledata.bc.BC.loadParameters(BC.java:517)
com.simpledata.filetools.SimpleException: Invalid Parameters for DES Encryption
	at com.simpledata.filetools.encoders.SelfDC_DES.getDecoder(SelfDC_DES.java:160)
	at com.simpledata.filetools.SecuSelf.getDecoder(SecuSelf.java:142)
	at com.simpledata.filetools.SecuSelf.readPart(SecuSelf.java:387)
	at com.simpledata.filetools.SecuSelf.getData(SecuSelf.java:352)
	at com.simpledata.filetools.Secu.getData(Secu.java:490)
	at com.simpledata.filetools.Secu.getData(Secu.java:440)
	at com.simpledata.filetools.Secu.getData(Secu.java:419)
	at com.simpledata.bc.BC.loadParameters(BC.java:514)
	at com.simpledata.bc.BC.initWorkingSpace(BC.java:500)
	at com.simpledata.bc.BC.<init>(BC.java:136)
	at com.simpledata.bc.BC.main(BC.java:89)
ERROR [main] simpledata.filetools.SimpleException	SimpleException200: Invalid Parameters for DES Encryption com.simpledata.filetools.SimpleException.<init>(SimpleException.java:94)
ERROR [main] simpledata.filetools.Secu	SimpleException com.simpledata.filetools.Secu.getData(Secu.java:553)
com.simpledata.filetools.SimpleException: Invalid Parameters for DES Encryption
	at com.simpledata.filetools.encoders.SelfDC_DES.getDecoder(SelfDC_DES.java:160)
	at com.simpledata.filetools.SecuSelf.getDecoder(SecuSelf.java:142)
	at com.simpledata.filetools.SecuSelf.readPart(SecuSelf.java:387)
	at com.simpledata.filetools.SecuSelf.getData(SecuSelf.java:352)
	at com.simpledata.filetools.Secu.getData(Secu.java:490)
	at com.simpledata.filetools.Secu.getData(Secu.java:440)
	at com.simpledata.filetools.Secu.getData(Secu.java:419)
	at com.simpledata.bc.BC.loadParameters(BC.java:525)
	at com.simpledata.bc.BC.initWorkingSpace(BC.java:500)
	at com.simpledata.bc.BC.<init>(BC.java:136)
	at com.simpledata.bc.BC.main(BC.java:89)
ERROR [main] simpledata.bc.BC	BC:Error loadin backup parameters  com.simpledata.bc.BC.loadParameters(BC.java:529)
com.simpledata.filetools.SimpleException: Invalid Parameters for DES Encryption
	at com.simpledata.filetools.encoders.SelfDC_DES.getDecoder(SelfDC_DES.java:160)
	at com.simpledata.filetools.SecuSelf.getDecoder(SecuSelf.java:142)
	at com.simpledata.filetools.SecuSelf.readPart(SecuSelf.java:387)
	at com.simpledata.filetools.SecuSelf.getData(SecuSelf.java:352)
	at com.simpledata.filetools.Secu.getData(Secu.java:490)
	at com.simpledata.filetools.Secu.getData(Secu.java:440)
	at com.simpledata.filetools.Secu.getData(Secu.java:419)
	at com.simpledata.bc.BC.loadParameters(BC.java:525)
	at com.simpledata.bc.BC.initWorkingSpace(BC.java:500)
	at com.simpledata.bc.BC.<init>(BC.java:136)
	at com.simpledata.bc.BC.main(BC.java:89)
ERROR [main] simpledata.bc.BC	The Parameters file does not exist... creating it com.simpledata.bc.BC.loadParameters(BC.java:533)
ERROR [main] simpledata.bc.Params	Need to define a default value for key : companyName com.simpledata.bc.Params.getDefaultValue(Params.java:431)
ERROR [AWT-EventQueue-0] simpledata.bc.Params	Need to define a default value for key : last_update_remote_timestamp com.simpledata.bc.Params.getDefaultValue(Params.java:431)
ERROR [AWT-EventQueue-0] simpledata.bc.Params	Need to define a default value for key : last_update_local_timestamp com.simpledata.bc.Params.getDefaultValue(Params.java:431)
ERROR [AWT-EventQueue-0] simpledata.bc.Params	Need to define a default value for key : subscr_expires com.simpledata.bc.Params.getDefaultValue(Params.java:431)
ERROR [main] simpledata.bc.BC	The Parameters file does not exist... creating it com.simpledata.bc.BC.loadParameters(BC.java:533)
ERROR [main] simpledata.bc.Params	Need to define a default value for key : companyName com.simpledata.bc.Params.getDefaultValue(Params.java:431)
ERROR [AWT-EventQueue-0] simpledata.bc.Params	Need to define a default value for key : last_update_remote_timestamp com.simpledata.bc.Params.getDefaultValue(Params.java:431)
ERROR [AWT-EventQueue-0] simpledata.bc.Params	Need to define a default value for key : last_update_local_timestamp com.simpledata.bc.Params.getDefaultValue(Params.java:431)
ERROR [AWT-EventQueue-0] simpledata.bc.Params	Need to define a default value for key : subscr_expires com.simpledata.bc.Params.getDefaultValue(Params.java:431)
ERROR [main] simpledata.filetools.SimpleException	SimpleException200: Invalid Parameters for DES Encryption com.simpledata.filetools.SimpleException.<init>(SimpleException.java:94)
ERROR [main] simpledata.filetools.Secu	SimpleException com.simpledata.filetools.Secu.getData(Secu.java:553)
com.simpledata.filetools.SimpleException: Invalid Parameters for DES Encryption
	at com.simpledata.filetools.encoders.SelfDC_DES.getDecoder(SelfDC_DES.java:160)
	at com.simpledata.filetools.SecuSelf.getDecoder(SecuSelf.java:142)
	at com.simpledata.filetools.SecuSelf.readPart(SecuSelf.java:387)
	at com.simpledata.filetools.SecuSelf.getData(SecuSelf.java:352)
	at com.simpledata.filetools.Secu.getData(Secu.java:490)
	at com.simpledata.filetools.Secu.getData(Secu.java:440)
	at com.simpledata.filetools.Secu.getData(Secu.java:419)
	at com.simpledata.bc.BC.loadParameters(BC.java:514)
	at com.simpledata.bc.BC.initWorkingSpace(BC.java:500)
	at com.simpledata.bc.BC.<init>(BC.java:136)
	at com.simpledata.bc.BC.main(BC.java:89)
ERROR [main] simpledata.bc.BC	BC:Error loadin parameters  com.simpledata.bc.BC.loadParameters(BC.java:517)
com.simpledata.filetools.SimpleException: Invalid Parameters for DES Encryption
	at com.simpledata.filetools.encoders.SelfDC_DES.getDecoder(SelfDC_DES.java:160)
	at com.simpledata.filetools.SecuSelf.getDecoder(SecuSelf.java:142)
	at com.simpledata.filetools.SecuSelf.readPart(SecuSelf.java:387)
	at com.simpledata.filetools.SecuSelf.getData(SecuSelf.java:352)
	at com.simpledata.filetools.Secu.getData(Secu.java:490)
	at com.simpledata.filetools.Secu.getData(Secu.java:440)
	at com.simpledata.filetools.Secu.getData(Secu.java:419)
	at com.simpledata.bc.BC.loadParameters(BC.java:514)
	at com.simpledata.bc.BC.initWorkingSpace(BC.java:500)
	at com.simpledata.bc.BC.<init>(BC.java:136)
	at com.simpledata.bc.BC.main(BC.java:89)
ERROR [main] simpledata.filetools.SimpleException	SimpleException200: Invalid Parameters for DES Encryption com.simpledata.filetools.SimpleException.<init>(SimpleException.java:94)
ERROR [main] simpledata.filetools.Secu	SimpleException com.simpledata.filetools.Secu.getData(Secu.java:553)
com.simpledata.filetools.SimpleException: Invalid Parameters for DES Encryption
	at com.simpledata.filetools.encoders.SelfDC_DES.getDecoder(SelfDC_DES.java:160)
	at com.simpledata.filetools.SecuSelf.getDecoder(SecuSelf.java:142)
	at com.simpledata.filetools.SecuSelf.readPart(SecuSelf.java:387)
	at com.simpledata.filetools.SecuSelf.getData(SecuSelf.java:352)
	at com.simpledata.filetools.Secu.getData(Secu.java:490)
	at com.simpledata.filetools.Secu.getData(Secu.java:440)
	at com.simpledata.filetools.Secu.getData(Secu.java:419)
	at com.simpledata.bc.BC.loadParameters(BC.java:525)
	at com.simpledata.bc.BC.initWorkingSpace(BC.java:500)
	at com.simpledata.bc.BC.<init>(BC.java:136)
	at com.simpledata.bc.BC.main(BC.java:89)
ERROR [main] simpledata.bc.BC	BC:Error loadin backup parameters  com.simpledata.bc.BC.loadParameters(BC.java:529)
com.simpledata.filetools.SimpleException: Invalid Parameters for DES Encryption
	at com.simpledata.filetools.encoders.SelfDC_DES.getDecoder(SelfDC_DES.java:160)
	at com.simpledata.filetools.SecuSelf.getDecoder(SecuSelf.java:142)
	at com.simpledata.filetools.SecuSelf.readPart(SecuSelf.java:387)
	at com.simpledata.filetools.SecuSelf.getData(SecuSelf.java:352)
	at com.simpledata.filetools.Secu.getData(Secu.java:490)
	at com.simpledata.filetools.Secu.getData(Secu.java:440)
	at com.simpledata.filetools.Secu.getData(Secu.java:419)
	at com.simpledata.bc.BC.loadParameters(BC.java:525)
	at com.simpledata.bc.BC.initWorkingSpace(BC.java:500)
	at com.simpledata.bc.BC.<init>(BC.java:136)
	at com.simpledata.bc.BC.main(BC.java:89)
ERROR [main] simpledata.bc.BC	The Parameters file does not exist... creating it com.simpledata.bc.BC.loadParameters(BC.java:533)
ERROR [main] simpledata.bc.Params	Need to define a default value for key : companyName com.simpledata.bc.Params.getDefaultValue(Params.java:431)
ERROR [main] simpledata.filetools.SimpleException	SimpleException200: Invalid Parameters for DES Encryption com.simpledata.filetools.SimpleException.<init>(SimpleException.java:94)
ERROR [main] simpledata.filetools.Secu	SimpleException com.simpledata.filetools.Secu.getData(Secu.java:553)
com.simpledata.filetools.SimpleException: Invalid Parameters for DES Encryption
	at com.simpledata.filetools.encoders.SelfDC_DES.getDecoder(SelfDC_DES.java:160)
	at com.simpledata.filetools.SecuSelf.getDecoder(SecuSelf.java:142)
	at com.simpledata.filetools.SecuSelf.readPart(SecuSelf.java:387)
	at com.simpledata.filetools.SecuSelf.getData(SecuSelf.java:352)
	at com.simpledata.filetools.Secu.getData(Secu.java:490)
	at com.simpledata.filetools.Secu.getData(Secu.java:440)
	at com.simpledata.filetools.Secu.getData(Secu.java:419)
	at com.simpledata.bc.BC.loadParameters(BC.java:511)
	at com.simpledata.bc.BC.initWorkingSpace(BC.java:497)
	at com.simpledata.bc.BC.<init>(BC.java:133)
	at com.simpledata.bc.BC.main(BC.java:86)
ERROR [main] simpledata.bc.BC	BC:Error loadin parameters  com.simpledata.bc.BC.loadParameters(BC.java:514)
com.simpledata.filetools.SimpleException: Invalid Parameters for DES Encryption
	at com.simpledata.filetools.encoders.SelfDC_DES.getDecoder(SelfDC_DES.java:160)
	at com.simpledata.filetools.SecuSelf.getDecoder(SecuSelf.java:142)
	at com.simpledata.filetools.SecuSelf.readPart(SecuSelf.java:387)
	at com.simpledata.filetools.SecuSelf.getData(SecuSelf.java:352)
	at com.simpledata.filetools.Secu.getData(Secu.java:490)
	at com.simpledata.filetools.Secu.getData(Secu.java:440)
	at com.simpledata.filetools.Secu.getData(Secu.java:419)
	at com.simpledata.bc.BC.loadParameters(BC.java:511)
	at com.simpledata.bc.BC.initWorkingSpace(BC.java:497)
	at com.simpledata.bc.BC.<init>(BC.java:133)
	at com.simpledata.bc.BC.main(BC.java:86)
ERROR [main] simpledata.filetools.SimpleException	SimpleException200: Invalid Parameters for DES Encryption com.simpledata.filetools.SimpleException.<init>(SimpleException.java:94)
ERROR [main] simpledata.filetools.Secu	SimpleException com.simpledata.filetools.Secu.getData(Secu.java:553)
com.simpledata.filetools.SimpleException: Invalid Parameters for DES Encryption
	at com.simpledata.filetools.encoders.SelfDC_DES.getDecoder(SelfDC_DES.java:160)
	at com.simpledata.filetools.SecuSelf.getDecoder(SecuSelf.java:142)
	at com.simpledata.filetools.SecuSelf.readPart(SecuSelf.java:387)
	at com.simpledata.filetools.SecuSelf.getData(SecuSelf.java:352)
	at com.simpledata.filetools.Secu.getData(Secu.java:490)
	at com.simpledata.filetools.Secu.getData(Secu.java:440)
	at com.simpledata.filetools.Secu.getData(Secu.java:419)
	at com.simpledata.bc.BC.loadParameters(BC.java:522)
	at com.simpledata.bc.BC.initWorkingSpace(BC.java:497)
	at com.simpledata.bc.BC.<init>(BC.java:133)
	at com.simpledata.bc.BC.main(BC.java:86)
ERROR [main] simpledata.bc.BC	BC:Error loadin backup parameters  com.simpledata.bc.BC.loadParameters(BC.java:526)
com.simpledata.filetools.SimpleException: Invalid Parameters for DES Encryption
	at com.simpledata.filetools.encoders.SelfDC_DES.getDecoder(SelfDC_DES.java:160)
	at com.simpledata.filetools.SecuSelf.getDecoder(SecuSelf.java:142)
	at com.simpledata.filetools.SecuSelf.readPart(SecuSelf.java:387)
	at com.simpledata.filetools.SecuSelf.getData(SecuSelf.java:352)
	at com.simpledata.filetools.Secu.getData(Secu.java:490)
	at com.simpledata.filetools.Secu.getData(Secu.java:440)
	at com.simpledata.filetools.Secu.getData(Secu.java:419)
	at com.simpledata.bc.BC.loadParameters(BC.java:522)
	at com.simpledata.bc.BC.initWorkingSpace(BC.java:497)
	at com.simpledata.bc.BC.<init>(BC.java:133)
	at com.simpledata.bc.BC.main(BC.java:86)
ERROR [main] simpledata.bc.BC	The Parameters file does not exist... creating it com.simpledata.bc.BC.loadParameters(BC.java:530)
ERROR [main] simpledata.bc.Params	Need to define a default value for key : companyName com.simpledata.bc.Params.getDefaultValue(Params.java:431)
ERROR [main] simpledata.bc.Params	Need to define a default value for key : companyName com.simpledata.bc.Params.getDefaultValue(Params.java:431)
ERROR [main] simpledata.bc.Params	Need to define a default value for key : companyName com.simpledata.bc.Params.getDefaultValue(Params.java:431)
ERROR [AWT-EventQueue-0] simpledata.bc.Params	Need to define a default value for key : last_update_remote_timestamp com.simpledata.bc.Params.getDefaultValue(Params.java:431)
ERROR [AWT-EventQueue-0] simpledata.bc.Params	Need to define a default value for key : last_update_local_timestamp com.simpledata.bc.Params.getDefaultValue(Params.java:431)
ERROR [AWT-EventQueue-0] simpledata.bc.Params	Need to define a default value for key : subscr_expires com.simpledata.bc.Params.getDefaultValue(Params.java:431)
ERROR [AWT-EventQueue-0] simpledata.bc.Params	Need to define a default value for key : location_last_simulation_folder com.simpledata.bc.Params.getDefaultValue(Params.java:431)
ERROR [main] simpledata.bc.Params	Need to define a default value for key : companyName com.simpledata.bc.Params.getDefaultValue(Params.java:431)
ERROR [AWT-EventQueue-0] simpledata.bc.Params	Need to define a default value for key : last_update_remote_timestamp com.simpledata.bc.Params.getDefaultValue(Params.java:431)
ERROR [AWT-EventQueue-0] simpledata.bc.Params	Need to define a default value for key : last_update_local_timestamp com.simpledata.bc.Params.getDefaultValue(Params.java:431)
ERROR [AWT-EventQueue-0] simpledata.bc.Params	Need to define a default value for key : subscr_expires com.simpledata.bc.Params.getDefaultValue(Params.java:431)
ERROR [Foxtrot Default Worker Thread] simpledata.filetools.SimpleException	SimpleException200: Invalid Parameters for DES Encryption com.simpledata.filetools.SimpleException.<init>(SimpleException.java:94)
ERROR [Foxtrot Default Worker Thread] simpledata.filetools.Secu	SimpleException com.simpledata.filetools.Secu.getData(Secu.java:553)
com.simpledata.filetools.SimpleException: Invalid Parameters for DES Encryption
	at com.simpledata.filetools.encoders.SelfDC_DES.getDecoder(SelfDC_DES.java:160)
	at com.simpledata.filetools.SecuSelf.getDecoder(SecuSelf.java:142)
	at com.simpledata.filetools.SecuSelf.readPart(SecuSelf.java:387)
	at com.simpledata.filetools.SecuSelf.getData(SecuSelf.java:352)
	at com.simpledata.filetools.Secu.getData(Secu.java:490)
	at com.simpledata.filetools.Secu.getData(Secu.java:440)
	at com.simpledata.bc.datatools.IOLib.loadObject(IOLib.java:184)
	at com.simpledata.bc.datatools.IOLib.access$1(IOLib.java:182)
	at com.simpledata.bc.datatools.IOLib$2.run(IOLib.java:104)
	at foxtrot.AbstractWorkerThread$2.run(AbstractWorkerThread.java:49)
	at java.security.AccessController.doPrivileged(Native Method)
	at foxtrot.AbstractWorkerThread.runTask(AbstractWorkerThread.java:45)
	at foxtrot.workers.DefaultWorkerThread.run(DefaultWorkerThread.java:153)
	at java.lang.Thread.run(Thread.java:613)
ERROR [main] simpledata.bc.Params	Need to define a default value for key : companyName com.simpledata.bc.Params.getDefaultValue(Params.java:431)
ERROR [AWT-EventQueue-0] simpledata.bc.Params	Need to define a default value for key : last_update_remote_timestamp com.simpledata.bc.Params.getDefaultValue(Params.java:431)
ERROR [AWT-EventQueue-0] simpledata.bc.Params	Need to define a default value for key : last_update_local_timestamp com.simpledata.bc.Params.getDefaultValue(Params.java:431)
ERROR [AWT-EventQueue-0] simpledata.bc.Params	Need to define a default value for key : subscr_expires com.simpledata.bc.Params.getDefaultValue(Params.java:431)
ERROR [Foxtrot Default Worker Thread] simpledata.filetools.SimpleException	SimpleException200: Invalid Parameters for DES Encryption com.simpledata.filetools.SimpleException.<init>(SimpleException.java:94)
ERROR [Foxtrot Default Worker Thread] simpledata.filetools.Secu	SimpleException com.simpledata.filetools.Secu.getData(Secu.java:554)
com.simpledata.filetools.SimpleException: Invalid Parameters for DES Encryption
	at com.simpledata.filetools.encoders.SelfDC_DES.getDecoder(SelfDC_DES.java:160)
	at com.simpledata.filetools.SecuSelf.getDecoder(SecuSelf.java:142)
	at com.simpledata.filetools.SecuSelf.readPart(SecuSelf.java:387)
	at com.simpledata.filetools.SecuSelf.getData(SecuSelf.java:352)
	at com.simpledata.filetools.Secu.getData(Secu.java:491)
	at com.simpledata.filetools.Secu.getData(Secu.java:441)
	at com.simpledata.bc.datatools.IOLib.loadObject(IOLib.java:184)
	at com.simpledata.bc.datatools.IOLib.access$1(IOLib.java:182)
	at com.simpledata.bc.datatools.IOLib$2.run(IOLib.java:104)
	at foxtrot.AbstractWorkerThread$2.run(AbstractWorkerThread.java:49)
	at java.security.AccessController.doPrivileged(Native Method)
	at foxtrot.AbstractWorkerThread.runTask(AbstractWorkerThread.java:45)
	at foxtrot.workers.DefaultWorkerThread.run(DefaultWorkerThread.java:153)
	at java.lang.Thread.run(Thread.java:613)
ERROR [main] simpledata.filetools.Secu	Error com.simpledata.filetools.Secu.getData(Secu.java:563)
java.lang.Error: Unresolved compilation problem: 
	The constructor DF(String) is undefined

	at com.simpledata.filetools.Secu.getDefaultDF(Secu.java:664)
	at com.simpledata.filetools.Secu.getData(Secu.java:482)
	at com.simpledata.filetools.Secu.getData(Secu.java:440)
	at com.simpledata.filetools.Secu.getData(Secu.java:419)
	at com.simpledata.bc.BC.loadParameters(BC.java:511)
	at com.simpledata.bc.BC.initWorkingSpace(BC.java:497)
	at com.simpledata.bc.BC.<init>(BC.java:133)
	at com.simpledata.bc.BC.main(BC.java:86)
ERROR [main] simpledata.filetools.SimpleException	SimpleException0:  com.simpledata.filetools.SimpleException.<init>(SimpleException.java:84)
java.lang.Error: Unresolved compilation problem: 
	The constructor DF(String) is undefined

	at com.simpledata.filetools.Secu.getDefaultDF(Secu.java:664)
	at com.simpledata.filetools.Secu.getData(Secu.java:482)
	at com.simpledata.filetools.Secu.getData(Secu.java:440)
	at com.simpledata.filetools.Secu.getData(Secu.java:419)
	at com.simpledata.bc.BC.loadParameters(BC.java:511)
	at com.simpledata.bc.BC.initWorkingSpace(BC.java:497)
	at com.simpledata.bc.BC.<init>(BC.java:133)
	at com.simpledata.bc.BC.main(BC.java:86)
ERROR [main] simpledata.bc.BC	BC:Error loadin parameters  com.simpledata.bc.BC.loadParameters(BC.java:514)
com.simpledata.filetools.SimpleException: java.lang.Error: Unresolved compilation problem: 
	The constructor DF(String) is undefined

	at com.simpledata.filetools.Secu.getData(Secu.java:566)
	at com.simpledata.filetools.Secu.getData(Secu.java:440)
	at com.simpledata.filetools.Secu.getData(Secu.java:419)
	at com.simpledata.bc.BC.loadParameters(BC.java:511)
	at com.simpledata.bc.BC.initWorkingSpace(BC.java:497)
	at com.simpledata.bc.BC.<init>(BC.java:133)
	at com.simpledata.bc.BC.main(BC.java:86)
Caused by: java.lang.Error: Unresolved compilation problem: 
	The constructor DF(String) is undefined

	at com.simpledata.filetools.Secu.getDefaultDF(Secu.java:664)
	at com.simpledata.filetools.Secu.getData(Secu.java:482)
	... 6 more
ERROR [main] simpledata.filetools.Secu	Error com.simpledata.filetools.Secu.getData(Secu.java:563)
java.lang.Error: Unresolved compilation problem: 
	The constructor DF(String) is undefined

	at com.simpledata.filetools.Secu.getDefaultDF(Secu.java:664)
	at com.simpledata.filetools.Secu.getData(Secu.java:482)
	at com.simpledata.filetools.Secu.getData(Secu.java:440)
	at com.simpledata.filetools.Secu.getData(Secu.java:419)
	at com.simpledata.bc.BC.loadParameters(BC.java:522)
	at com.simpledata.bc.BC.initWorkingSpace(BC.java:497)
	at com.simpledata.bc.BC.<init>(BC.java:133)
	at com.simpledata.bc.BC.main(BC.java:86)
ERROR [main] simpledata.filetools.SimpleException	SimpleException0:  com.simpledata.filetools.SimpleException.<init>(SimpleException.java:84)
java.lang.Error: Unresolved compilation problem: 
	The constructor DF(String) is undefined

	at com.simpledata.filetools.Secu.getDefaultDF(Secu.java:664)
	at com.simpledata.filetools.Secu.getData(Secu.java:482)
	at com.simpledata.filetools.Secu.getData(Secu.java:440)
	at com.simpledata.filetools.Secu.getData(Secu.java:419)
	at com.simpledata.bc.BC.loadParameters(BC.java:522)
	at com.simpledata.bc.BC.initWorkingSpace(BC.java:497)
	at com.simpledata.bc.BC.<init>(BC.java:133)
	at com.simpledata.bc.BC.main(BC.java:86)
ERROR [main] simpledata.bc.BC	BC:Error loadin backup parameters  com.simpledata.bc.BC.loadParameters(BC.java:526)
com.simpledata.filetools.SimpleException: java.lang.Error: Unresolved compilation problem: 
	The constructor DF(String) is undefined

	at com.simpledata.filetools.Secu.getData(Secu.java:566)
	at com.simpledata.filetools.Secu.getData(Secu.java:440)
	at com.simpledata.filetools.Secu.getData(Secu.java:419)
	at com.simpledata.bc.BC.loadParameters(BC.java:522)
	at com.simpledata.bc.BC.initWorkingSpace(BC.java:497)
	at com.simpledata.bc.BC.<init>(BC.java:133)
	at com.simpledata.bc.BC.main(BC.java:86)
Caused by: java.lang.Error: Unresolved compilation problem: 
	The constructor DF(String) is undefined

	at com.simpledata.filetools.Secu.getDefaultDF(Secu.java:664)
	at com.simpledata.filetools.Secu.getData(Secu.java:482)
	... 6 more
ERROR [main] simpledata.bc.BC	The Parameters file does not exist... creating it com.simpledata.bc.BC.loadParameters(BC.java:530)
ERROR [main] simpledata.bc.Params	Need to define a default value for key : companyName com.simpledata.bc.Params.getDefaultValue(Params.java:431)
ERROR [AWT-EventQueue-0] simpledata.bc.Params	Need to define a default value for key : last_update_remote_timestamp com.simpledata.bc.Params.getDefaultValue(Params.java:431)
ERROR [AWT-EventQueue-0] simpledata.bc.Params	Need to define a default value for key : last_update_local_timestamp com.simpledata.bc.Params.getDefaultValue(Params.java:431)
ERROR [AWT-EventQueue-0] simpledata.bc.Params	Need to define a default value for key : subscr_expires com.simpledata.bc.Params.getDefaultValue(Params.java:431)
ERROR [AWT-EventQueue-0] simpledata.bc.Params	Need to define a default value for key : location_last_tarification_folder com.simpledata.bc.Params.getDefaultValue(Params.java:431)
ERROR [Foxtrot Default Worker Thread] simpledata.filetools.Secu	Error com.simpledata.filetools.Secu.getData(Secu.java:563)
java.lang.Error: Unresolved compilation problem: 
	The constructor DF(String) is undefined

	at com.simpledata.filetools.Secu.getDefaultDF(Secu.java:664)
	at com.simpledata.filetools.Secu.getData(Secu.java:482)
	at com.simpledata.filetools.Secu.getData(Secu.java:440)
	at com.simpledata.bc.datatools.IOLib.loadObject(IOLib.java:184)
	at com.simpledata.bc.datatools.IOLib.access$1(IOLib.java:182)
	at com.simpledata.bc.datatools.IOLib$2.run(IOLib.java:104)
	at foxtrot.AbstractWorkerThread$2.run(AbstractWorkerThread.java:49)
	at java.security.AccessController.doPrivileged(Native Method)
	at foxtrot.AbstractWorkerThread.runTask(AbstractWorkerThread.java:45)
	at foxtrot.workers.DefaultWorkerThread.run(DefaultWorkerThread.java:153)
	at java.lang.Thread.run(Thread.java:613)
ERROR [Foxtrot Default Worker Thread] simpledata.filetools.SimpleException	SimpleException0:  com.simpledata.filetools.SimpleException.<init>(SimpleException.java:84)
java.lang.Error: Unresolved compilation problem: 
	The constructor DF(String) is undefined

	at com.simpledata.filetools.Secu.getDefaultDF(Secu.java:664)
	at com.simpledata.filetools.Secu.getData(Secu.java:482)
	at com.simpledata.filetools.Secu.getData(Secu.java:440)
	at com.simpledata.bc.datatools.IOLib.loadObject(IOLib.java:184)
	at com.simpledata.bc.datatools.IOLib.access$1(IOLib.java:182)
	at com.simpledata.bc.datatools.IOLib$2.run(IOLib.java:104)
	at foxtrot.AbstractWorkerThread$2.run(AbstractWorkerThread.java:49)
	at java.security.AccessController.doPrivileged(Native Method)
	at foxtrot.AbstractWorkerThread.runTask(AbstractWorkerThread.java:45)
	at foxtrot.workers.DefaultWorkerThread.run(DefaultWorkerThread.java:153)
	at java.lang.Thread.run(Thread.java:613)
ERROR [main] simpledata.bc.Params	Need to define a default value for key : companyName com.simpledata.bc.Params.getDefaultValue(Params.java:431)
ERROR [Foxtrot Default Worker Thread] simpledata.filetools.Secu	IOException com.simpledata.filetools.Secu.getData(Secu.java:548)
java.io.IOException: Not in GZIP format
	at java.util.zip.GZIPInputStream.readHeader(GZIPInputStream.java:132)
	at java.util.zip.GZIPInputStream.<init>(GZIPInputStream.java:58)
	at java.util.zip.GZIPInputStream.<init>(GZIPInputStream.java:68)
	at com.simpledata.filetools.encoders.SelfDC_GZIP.getDecoder(SelfDC_GZIP.java:40)
	at com.simpledata.filetools.SecuSelf.getDecoder(SecuSelf.java:141)
	at com.simpledata.filetools.SecuSelf.readPart(SecuSelf.java:387)
	at com.simpledata.filetools.SecuSelf.getData(SecuSelf.java:352)
	at com.simpledata.filetools.Secu.getData(Secu.java:490)
	at com.simpledata.filetools.Secu.getData(Secu.java:440)
	at com.simpledata.bc.datatools.IOLib.loadObject(IOLib.java:184)
	at com.simpledata.bc.datatools.IOLib.access$1(IOLib.java:182)
	at com.simpledata.bc.datatools.IOLib$2.run(IOLib.java:104)
	at foxtrot.AbstractWorkerThread$2.run(AbstractWorkerThread.java:49)
	at java.security.AccessController.doPrivileged(Native Method)
	at foxtrot.AbstractWorkerThread.runTask(AbstractWorkerThread.java:45)
	at foxtrot.workers.DefaultWorkerThread.run(DefaultWorkerThread.java:153)
	at java.lang.Thread.run(Thread.java:613)
ERROR [AWT-EventQueue-0] simpledata.bc.Params	Need to define a default value for key : last_update_remote_timestamp com.simpledata.bc.Params.getDefaultValue(Params.java:431)
ERROR [AWT-EventQueue-0] simpledata.bc.Params	Need to define a default value for key : last_update_local_timestamp com.simpledata.bc.Params.getDefaultValue(Params.java:431)
ERROR [AWT-EventQueue-0] simpledata.bc.Params	Need to define a default value for key : subscr_expires com.simpledata.bc.Params.getDefaultValue(Params.java:431)
ERROR [Foxtrot Default Worker Thread] simpledata.filetools.SimpleException	SimpleException100:  com.simpledata.filetools.SimpleException.<init>(SimpleException.java:84)
java.io.IOException: Not in GZIP format
	at java.util.zip.GZIPInputStream.readHeader(GZIPInputStream.java:132)
	at java.util.zip.GZIPInputStream.<init>(GZIPInputStream.java:58)
	at java.util.zip.GZIPInputStream.<init>(GZIPInputStream.java:68)
	at com.simpledata.filetools.encoders.SelfDC_GZIP.getDecoder(SelfDC_GZIP.java:40)
	at com.simpledata.filetools.SecuSelf.getDecoder(SecuSelf.java:141)
	at com.simpledata.filetools.SecuSelf.readPart(SecuSelf.java:387)
	at com.simpledata.filetools.SecuSelf.getData(SecuSelf.java:352)
	at com.simpledata.filetools.Secu.getData(Secu.java:490)
	at com.simpledata.filetools.Secu.getData(Secu.java:440)
	at com.simpledata.bc.datatools.IOLib.loadObject(IOLib.java:184)
	at com.simpledata.bc.datatools.IOLib.access$1(IOLib.java:182)
	at com.simpledata.bc.datatools.IOLib$2.run(IOLib.java:104)
	at foxtrot.AbstractWorkerThread$2.run(AbstractWorkerThread.java:49)
	at java.security.AccessController.doPrivileged(Native Method)
	at foxtrot.AbstractWorkerThread.runTask(AbstractWorkerThread.java:45)
	at foxtrot.workers.DefaultWorkerThread.run(DefaultWorkerThread.java:153)
	at java.lang.Thread.run(Thread.java:613)
ERROR [main] simpledata.bc.Params	Need to define a default value for key : companyName com.simpledata.bc.Params.getDefaultValue(Params.java:431)
ERROR [Foxtrot Default Worker Thread] simpledata.filetools.Secu	IOException com.simpledata.filetools.Secu.getData(Secu.java:548)
java.io.IOException: Not in GZIP format
	at java.util.zip.GZIPInputStream.readHeader(GZIPInputStream.java:132)
	at java.util.zip.GZIPInputStream.<init>(GZIPInputStream.java:58)
	at java.util.zip.GZIPInputStream.<init>(GZIPInputStream.java:68)
	at com.simpledata.filetools.encoders.SelfDC_GZIP.getDecoder(SelfDC_GZIP.java:40)
	at com.simpledata.filetools.SecuSelf.getDecoder(SecuSelf.java:141)
	at com.simpledata.filetools.SecuSelf.readPart(SecuSelf.java:387)
	at com.simpledata.filetools.SecuSelf.getData(SecuSelf.java:352)
	at com.simpledata.filetools.Secu.getData(Secu.java:490)
	at com.simpledata.filetools.Secu.getData(Secu.java:440)
	at com.simpledata.bc.datatools.IOLib.loadObject(IOLib.java:184)
	at com.simpledata.bc.datatools.IOLib.access$1(IOLib.java:182)
	at com.simpledata.bc.datatools.IOLib$2.run(IOLib.java:104)
	at foxtrot.AbstractWorkerThread$2.run(AbstractWorkerThread.java:49)
	at java.security.AccessController.doPrivileged(Native Method)
	at foxtrot.AbstractWorkerThread.runTask(AbstractWorkerThread.java:45)
	at foxtrot.workers.DefaultWorkerThread.run(DefaultWorkerThread.java:153)
	at java.lang.Thread.run(Thread.java:613)
ERROR [AWT-EventQueue-0] simpledata.bc.Params	Need to define a default value for key : last_update_remote_timestamp com.simpledata.bc.Params.getDefaultValue(Params.java:431)
ERROR [AWT-EventQueue-0] simpledata.bc.Params	Need to define a default value for key : last_update_local_timestamp com.simpledata.bc.Params.getDefaultValue(Params.java:431)
ERROR [AWT-EventQueue-0] simpledata.bc.Params	Need to define a default value for key : subscr_expires com.simpledata.bc.Params.getDefaultValue(Params.java:431)
ERROR [Foxtrot Default Worker Thread] simpledata.filetools.SimpleException	SimpleException100:  com.simpledata.filetools.SimpleException.<init>(SimpleException.java:84)
java.io.IOException: Not in GZIP format
	at java.util.zip.GZIPInputStream.readHeader(GZIPInputStream.java:132)
	at java.util.zip.GZIPInputStream.<init>(GZIPInputStream.java:58)
	at java.util.zip.GZIPInputStream.<init>(GZIPInputStream.java:68)
	at com.simpledata.filetools.encoders.SelfDC_GZIP.getDecoder(SelfDC_GZIP.java:40)
	at com.simpledata.filetools.SecuSelf.getDecoder(SecuSelf.java:141)
	at com.simpledata.filetools.SecuSelf.readPart(SecuSelf.java:387)
	at com.simpledata.filetools.SecuSelf.getData(SecuSelf.java:352)
	at com.simpledata.filetools.Secu.getData(Secu.java:490)
	at com.simpledata.filetools.Secu.getData(Secu.java:440)
	at com.simpledata.bc.datatools.IOLib.loadObject(IOLib.java:184)
	at com.simpledata.bc.datatools.IOLib.access$1(IOLib.java:182)
	at com.simpledata.bc.datatools.IOLib$2.run(IOLib.java:104)
	at foxtrot.AbstractWorkerThread$2.run(AbstractWorkerThread.java:49)
	at java.security.AccessController.doPrivileged(Native Method)
	at foxtrot.AbstractWorkerThread.runTask(AbstractWorkerThread.java:45)
	at foxtrot.workers.DefaultWorkerThread.run(DefaultWorkerThread.java:153)
	at java.lang.Thread.run(Thread.java:613)
ERROR [main] simpledata.bc.Params	Need to define a default value for key : companyName com.simpledata.bc.Params.getDefaultValue(Params.java:431)
ERROR [AWT-EventQueue-0] simpledata.bc.Params	Need to define a default value for key : last_update_remote_timestamp com.simpledata.bc.Params.getDefaultValue(Params.java:431)
ERROR [AWT-EventQueue-0] simpledata.bc.Params	Need to define a default value for key : last_update_local_timestamp com.simpledata.bc.Params.getDefaultValue(Params.java:431)
ERROR [AWT-EventQueue-0] simpledata.bc.Params	Need to define a default value for key : subscr_expires com.simpledata.bc.Params.getDefaultValue(Params.java:431)
ERROR [main] simpledata.bc.Params	Need to define a default value for key : companyName com.simpledata.bc.Params.getDefaultValue(Params.java:431)
ERROR [AWT-EventQueue-0] simpledata.bc.Params	Need to define a default value for key : last_update_remote_timestamp com.simpledata.bc.Params.getDefaultValue(Params.java:431)
ERROR [AWT-EventQueue-0] simpledata.bc.Params	Need to define a default value for key : last_update_local_timestamp com.simpledata.bc.Params.getDefaultValue(Params.java:431)
ERROR [AWT-EventQueue-0] simpledata.bc.Params	Need to define a default value for key : subscr_expires com.simpledata.bc.Params.getDefaultValue(Params.java:431)
ERROR [AWT-EventQueue-0] simpledata.bc.Params	Need to define a default value for key : location_last_tarification_folder com.simpledata.bc.Params.getDefaultValue(Params.java:431)
ERROR [main] simpledata.bc.Params	Need to define a default value for key : companyName com.simpledata.bc.Params.getDefaultValue(Params.java:431)
ERROR [AWT-EventQueue-0] simpledata.bc.Params	Need to define a default value for key : last_update_remote_timestamp com.simpledata.bc.Params.getDefaultValue(Params.java:431)
ERROR [AWT-EventQueue-0] simpledata.bc.Params	Need to define a default value for key : last_update_local_timestamp com.simpledata.bc.Params.getDefaultValue(Params.java:431)
ERROR [AWT-EventQueue-0] simpledata.bc.Params	Need to define a default value for key : subscr_expires com.simpledata.bc.Params.getDefaultValue(Params.java:431)
ERROR [AWT-EventQueue-0] simpledata.bc.Params	Need to define a default value for key : location_last_tarification_folder com.simpledata.bc.Params.getDefaultValue(Params.java:431)
ERROR [AWT-EventQueue-0] simpledata.bc.Params	Need to define a default value for key : location_last_tarification_folder com.simpledata.bc.Params.getDefaultValue(Params.java:431)
ERROR [AWT-EventQueue-0] simpledata.bc.Params	Need to define a default value for key : location_last_simulation_folder com.simpledata.bc.Params.getDefaultValue(Params.java:431)
ERROR [main] simpledata.bc.Params	Need to define a default value for key : companyName com.simpledata.bc.Params.getDefaultValue(Params.java:431)
FATAL [main] bc.uitools.BCLookAndFeel	BCLAF: Problems while setting the Look and Feel :  com.simpledata.bc.uitools.BCLookAndFeel.setLAF(BCLookAndFeel.java:104)
javax.swing.UnsupportedLookAndFeelException: [The Microsoft Windows Look and Feel - com.sun.java.swing.plaf.windows.WindowsLookAndFeel] not supported on this platform
	at javax.swing.UIManager.setLookAndFeel(UIManager.java:432)
	at javax.swing.UIManager.setLookAndFeel(UIManager.java:485)
	at com.simpledata.bc.uitools.BCLookAndFeel.setLAF(BCLookAndFeel.java:70)
	at com.simpledata.bc.BC.<init>(BC.java:144)
	at com.simpledata.bc.BC.main(BC.java:86)
ERROR [AWT-EventQueue-0] simpledata.bc.Params	Need to define a default value for key : last_update_remote_timestamp com.simpledata.bc.Params.getDefaultValue(Params.java:431)
ERROR [AWT-EventQueue-0] simpledata.bc.Params	Need to define a default value for key : last_update_local_timestamp com.simpledata.bc.Params.getDefaultValue(Params.java:431)
ERROR [AWT-EventQueue-0] simpledata.bc.Params	Need to define a default value for key : subscr_expires com.simpledata.bc.Params.getDefaultValue(Params.java:431)
ERROR [main] simpledata.bc.Params	Need to define a default value for key : companyName com.simpledata.bc.Params.getDefaultValue(Params.java:431)
ERROR [AWT-EventQueue-0] simpledata.bc.Params	Need to define a default value for key : last_update_remote_timestamp com.simpledata.bc.Params.getDefaultValue(Params.java:431)
ERROR [AWT-EventQueue-0] simpledata.bc.Params	Need to define a default value for key : last_update_local_timestamp com.simpledata.bc.Params.getDefaultValue(Params.java:431)
ERROR [AWT-EventQueue-0] simpledata.bc.Params	Need to define a default value for key : subscr_expires com.simpledata.bc.Params.getDefaultValue(Params.java:431)
ERROR [main] simpledata.bc.Params	Need to define a default value for key : companyName com.simpledata.bc.Params.getDefaultValue(Params.java:431)
ERROR [AWT-EventQueue-0] simpledata.bc.Params	Need to define a default value for key : last_update_remote_timestamp com.simpledata.bc.Params.getDefaultValue(Params.java:431)
ERROR [AWT-EventQueue-0] simpledata.bc.Params	Need to define a default value for key : last_update_local_timestamp com.simpledata.bc.Params.getDefaultValue(Params.java:431)
ERROR [AWT-EventQueue-0] simpledata.bc.Params	Need to define a default value for key : subscr_expires com.simpledata.bc.Params.getDefaultValue(Params.java:431)
ERROR [AWT-EventQueue-0] simpledata.bc.Params	Need to define a default value for key : location_last_tarification_folder com.simpledata.bc.Params.getDefaultValue(Params.java:431)
ERROR [main] simpledata.bc.Params	Need to define a default value for key : companyName com.simpledata.bc.Params.getDefaultValue(Params.java:431)
ERROR [AWT-EventQueue-0] simpledata.bc.Params	Need to define a default value for key : last_update_remote_timestamp com.simpledata.bc.Params.getDefaultValue(Params.java:431)
ERROR [AWT-EventQueue-0] simpledata.bc.Params	Need to define a default value for key : last_update_local_timestamp com.simpledata.bc.Params.getDefaultValue(Params.java:431)
ERROR [AWT-EventQueue-0] simpledata.bc.Params	Need to define a default value for key : subscr_expires com.simpledata.bc.Params.getDefaultValue(Params.java:431)
ERROR [AWT-EventQueue-0] simpledata.bc.Params	Need to define a default value for key : location_last_tarification_folder com.simpledata.bc.Params.getDefaultValue(Params.java:431)
ERROR [main] simpledata.bc.Params	Need to define a default value for key : companyName com.simpledata.bc.Params.getDefaultValue(Params.java:431)
ERROR [AWT-EventQueue-0] simpledata.bc.Params	Need to define a default value for key : last_update_remote_timestamp com.simpledata.bc.Params.getDefaultValue(Params.java:431)
ERROR [AWT-EventQueue-0] simpledata.bc.Params	Need to define a default value for key : last_update_local_timestamp com.simpledata.bc.Params.getDefaultValue(Params.java:431)
ERROR [AWT-EventQueue-0] simpledata.bc.Params	Need to define a default value for key : subscr_expires com.simpledata.bc.Params.getDefaultValue(Params.java:431)
ERROR [AWT-EventQueue-0] simpledata.bc.Params	Need to define a default value for key : location_last_tarification_folder com.simpledata.bc.Params.getDefaultValue(Params.java:431)
ERROR [AWT-EventQueue-0] simpledata.bc.Params	Need to define a default value for key : companyName com.simpledata.bc.Params.getDefaultValue(Params.java:431)
ERROR [AWT-EventQueue-0] simpledata.bc.Params	Need to define a default value for key : location_last_simulation_folder com.simpledata.bc.Params.getDefaultValue(Params.java:431)
ERROR [AWT-EventQueue-0] simpledata.bc.Params	Need to define a default value for key : location_last_simulation_folder com.simpledata.bc.Params.getDefaultValue(Params.java:431)
ERROR [AWT-EventQueue-0] simpledata.bc.Params	Need to define a default value for key : location_last_simulation_folder com.simpledata.bc.Params.getDefaultValue(Params.java:431)
ERROR [AWT-EventQueue-0] simpledata.bc.Params	Need to define a default value for key : location_last_simulation_folder com.simpledata.bc.Params.getDefaultValue(Params.java:431)
ERROR [main] simpledata.bc.Params	Need to define a default value for key : companyName com.simpledata.bc.Params.getDefaultValue(Params.java:431)
ERROR [AWT-EventQueue-0] simpledata.bc.Params	Need to define a default value for key : last_update_remote_timestamp com.simpledata.bc.Params.getDefaultValue(Params.java:431)
ERROR [AWT-EventQueue-0] simpledata.bc.Params	Need to define a default value for key : last_update_local_timestamp com.simpledata.bc.Params.getDefaultValue(Params.java:431)
ERROR [AWT-EventQueue-0] simpledata.bc.Params	Need to define a default value for key : subscr_expires com.simpledata.bc.Params.getDefaultValue(Params.java:431)
ERROR [AWT-EventQueue-0] simpledata.bc.Params	Need to define a default value for key : location_last_tarification_folder com.simpledata.bc.Params.getDefaultValue(Params.java:431)
ERROR [Foxtrot Default Worker Thread] simpledata.filetools.SimpleException	SimpleException302:  com.simpledata.filetools.SimpleException.<init>(SimpleException.java:84)
java.io.InvalidClassException: com.simpledata.bc.datamodel.Named; local class incompatible: stream classdesc serialVersionUID = -1276215195591827780, local class serialVersionUID = -4933007754501680865
	at java.io.ObjectStreamClass.initNonProxy(ObjectStreamClass.java:519)
	at java.io.ObjectInputStream.readNonProxyDesc(ObjectInputStream.java:1546)
	at java.io.ObjectInputStream.readClassDesc(ObjectInputStream.java:1460)
	at java.io.ObjectInputStream.readNonProxyDesc(ObjectInputStream.java:1546)
	at java.io.ObjectInputStream.readClassDesc(ObjectInputStream.java:1460)
	at java.io.ObjectInputStream.readOrdinaryObject(ObjectInputStream.java:1693)
	at java.io.ObjectInputStream.readObject0(ObjectInputStream.java:1299)
	at java.io.ObjectInputStream.readObject(ObjectInputStream.java:339)
	at com.simpledata.filetools.encoders.SelfDT_Serializable.getObject(SelfDT_Serializable.java:70)
	at com.simpledata.filetools.encoders.SelfDT_SerializableXMLArmored.getObject(SelfDT_SerializableXMLArmored.java:65)
	at com.simpledata.filetools.SecuSelf.getObjectDecoder(SecuSelf.java:158)
	at com.simpledata.filetools.SecuSelf.readPart(SecuSelf.java:393)
	at com.simpledata.filetools.SecuSelf.getData(SecuSelf.java:352)
	at com.simpledata.filetools.Secu.getData(Secu.java:490)
	at com.simpledata.filetools.Secu.getData(Secu.java:440)
	at com.simpledata.bc.datatools.IOLib.loadObject(IOLib.java:184)
	at com.simpledata.bc.datatools.IOLib.access$1(IOLib.java:182)
	at com.simpledata.bc.datatools.IOLib$2.run(IOLib.java:104)
	at foxtrot.AbstractWorkerThread$2.run(AbstractWorkerThread.java:49)
	at java.security.AccessController.doPrivileged(Native Method)
	at foxtrot.AbstractWorkerThread.runTask(AbstractWorkerThread.java:45)
	at foxtrot.workers.DefaultWorkerThread.run(DefaultWorkerThread.java:153)
	at java.lang.Thread.run(Thread.java:613)
ERROR [AWT-EventQueue-0] simpledata.bc.Params	Need to define a default value for key : location_last_simulation_folder com.simpledata.bc.Params.getDefaultValue(Params.java:431)
ERROR [Foxtrot Default Worker Thread] simpledata.filetools.SimpleException	SimpleException302:  com.simpledata.filetools.SimpleException.<init>(SimpleException.java:84)
java.io.InvalidClassException: com.simpledata.bc.datamodel.Named; local class incompatible: stream classdesc serialVersionUID = -1276215195591827780, local class serialVersionUID = -4933007754501680865
	at java.io.ObjectStreamClass.initNonProxy(ObjectStreamClass.java:519)
	at java.io.ObjectInputStream.readNonProxyDesc(ObjectInputStream.java:1546)
	at java.io.ObjectInputStream.readClassDesc(ObjectInputStream.java:1460)
	at java.io.ObjectInputStream.readNonProxyDesc(ObjectInputStream.java:1546)
	at java.io.ObjectInputStream.readClassDesc(ObjectInputStream.java:1460)
	at java.io.ObjectInputStream.readOrdinaryObject(ObjectInputStream.java:1693)
	at java.io.ObjectInputStream.readObject0(ObjectInputStream.java:1299)
	at java.io.ObjectInputStream.readObject(ObjectInputStream.java:339)
	at com.simpledata.filetools.encoders.SelfDT_Serializable.getObject(SelfDT_Serializable.java:70)
	at com.simpledata.filetools.encoders.SelfDT_SerializableXMLArmored.getObject(SelfDT_SerializableXMLArmored.java:65)
	at com.simpledata.filetools.SecuSelf.getObjectDecoder(SecuSelf.java:158)
	at com.simpledata.filetools.SecuSelf.readPart(SecuSelf.java:393)
	at com.simpledata.filetools.SecuSelf.getData(SecuSelf.java:352)
	at com.simpledata.filetools.Secu.getData(Secu.java:490)
	at com.simpledata.filetools.Secu.getData(Secu.java:440)
	at com.simpledata.bc.datatools.IOLib.loadObject(IOLib.java:184)
	at com.simpledata.bc.datatools.IOLib.access$1(IOLib.java:182)
	at com.simpledata.bc.datatools.IOLib$2.run(IOLib.java:104)
	at foxtrot.AbstractWorkerThread$2.run(AbstractWorkerThread.java:49)
	at java.security.AccessController.doPrivileged(Native Method)
	at foxtrot.AbstractWorkerThread.runTask(AbstractWorkerThread.java:45)
	at foxtrot.workers.DefaultWorkerThread.run(DefaultWorkerThread.java:153)
	at java.lang.Thread.run(Thread.java:613)
ERROR [AWT-EventQueue-0] uitools.streetable.STreeTable	Cannot remove an unkown column com.simpledata.bc.uitools.streetable.STreeTable.removeColumn(STreeTable.java:387)
java.lang.Exception
	at com.simpledata.bc.uitools.streetable.STreeTable.removeColumn(STreeTable.java:387)
	at com.simpledata.bc.uicomponents.simulation.Simulator.buildUI(Simulator.java:286)
	at com.simpledata.bc.uicomponents.simulation.Simulator.<init>(Simulator.java:159)
	at com.simpledata.bc.uicomponents.simulation.Simulator.openSimulation(Simulator.java:202)
	at com.simpledata.bc.datatools.FileManagement.promptFileAndStartApp(FileManagement.java:266)
	at com.simpledata.bc.webcontrol.BCControler.menu_file_open(BCControler.java:152)
	at com.simpledata.bc.webcontrol.BCControler.handleDirect(BCControler.java:175)
	at com.simpledata.bc.webcontrol.ControlServer.handleDirect(ControlServer.java:98)
	at com.simpledata.bc.uitools.MyEditorPane.setPage(MiniBrowser.java:173)
	at com.simpledata.html.HtmlPanel$PageLoader.run(HtmlPanel.java:158)
	at java.awt.event.InvocationEvent.dispatch(InvocationEvent.java:209)
	at java.awt.EventQueue.dispatchEvent(EventQueue.java:461)
	at java.awt.EventDispatchThread.pumpOneEventForHierarchy(EventDispatchThread.java:269)
	at java.awt.EventDispatchThread.pumpEventsForHierarchy(EventDispatchThread.java:190)
	at java.awt.EventDispatchThread.pumpEvents(EventDispatchThread.java:184)
	at java.awt.EventDispatchThread.pumpEvents(EventDispatchThread.java:176)
	at java.awt.EventDispatchThread.run(EventDispatchThread.java:110)
ERROR [AWT-EventQueue-0] simpledata.bc.Params	Need to define a default value for key : location_last_simulation_folder com.simpledata.bc.Params.getDefaultValue(Params.java:431)
ERROR [AWT-EventQueue-0] simpledata.bc.Params	Need to define a default value for key : companyName com.simpledata.bc.Params.getDefaultValue(Params.java:431)
ERROR [AWT-EventQueue-0] uitools.streetable.STreeTable	Cannot remove an unkown column com.simpledata.bc.uitools.streetable.STreeTable.removeColumn(STreeTable.java:387)
java.lang.Exception
	at com.simpledata.bc.uitools.streetable.STreeTable.removeColumn(STreeTable.java:387)
	at com.simpledata.bc.uicomponents.simulation.Simulator.buildUI(Simulator.java:286)
	at com.simpledata.bc.uicomponents.simulation.Simulator.<init>(Simulator.java:159)
	at com.simpledata.bc.uicomponents.simulation.Simulator.openSimulation(Simulator.java:202)
	at com.simpledata.bc.datatools.FileManagement.promptFileAndStartApp(FileManagement.java:266)
	at com.simpledata.bc.webcontrol.BCControler.menu_file_open(BCControler.java:152)
	at com.simpledata.bc.webcontrol.BCControler.handleDirect(BCControler.java:175)
	at com.simpledata.bc.webcontrol.ControlServer.handleDirect(ControlServer.java:98)
	at com.simpledata.bc.uitools.MyEditorPane.setPage(MiniBrowser.java:173)
	at com.simpledata.html.HtmlPanel$PageLoader.run(HtmlPanel.java:158)
	at java.awt.event.InvocationEvent.dispatch(InvocationEvent.java:209)
	at java.awt.EventQueue.dispatchEvent(EventQueue.java:461)
	at java.awt.EventDispatchThread.pumpOneEventForHierarchy(EventDispatchThread.java:269)
	at java.awt.EventDispatchThread.pumpEventsForHierarchy(EventDispatchThread.java:190)
	at java.awt.EventDispatchThread.pumpEvents(EventDispatchThread.java:184)
	at java.awt.EventDispatchThread.pumpEvents(EventDispatchThread.java:176)
	at java.awt.EventDispatchThread.run(EventDispatchThread.java:110)
ERROR [AWT-EventQueue-0] simpledata.bc.Params	Need to define a default value for key : companyName com.simpledata.bc.Params.getDefaultValue(Params.java:431)
ERROR [main] simpledata.bc.Params	Need to define a default value for key : companyName com.simpledata.bc.Params.getDefaultValue(Params.java:439)
ERROR [AWT-EventQueue-0] simpledata.bc.Params	Need to define a default value for key : last_update_remote_timestamp com.simpledata.bc.Params.getDefaultValue(Params.java:439)
ERROR [AWT-EventQueue-0] simpledata.bc.Params	Need to define a default value for key : last_update_local_timestamp com.simpledata.bc.Params.getDefaultValue(Params.java:439)
ERROR [AWT-EventQueue-0] simpledata.bc.Params	Need to define a default value for key : subscr_expires com.simpledata.bc.Params.getDefaultValue(Params.java:439)
ERROR [Foxtrot Default Worker Thread] simpledata.filetools.SimpleException	SimpleException302:  com.simpledata.filetools.SimpleException.<init>(SimpleException.java:92)
java.io.InvalidClassException: com.simpledata.bc.datamodel.Named; local class incompatible: stream classdesc serialVersionUID = -1276215195591827780, local class serialVersionUID = -4933007754501680865
	at java.io.ObjectStreamClass.initNonProxy(ObjectStreamClass.java:519)
	at java.io.ObjectInputStream.readNonProxyDesc(ObjectInputStream.java:1546)
	at java.io.ObjectInputStream.readClassDesc(ObjectInputStream.java:1460)
	at java.io.ObjectInputStream.readNonProxyDesc(ObjectInputStream.java:1546)
	at java.io.ObjectInputStream.readClassDesc(ObjectInputStream.java:1460)
	at java.io.ObjectInputStream.readOrdinaryObject(ObjectInputStream.java:1693)
	at java.io.ObjectInputStream.readObject0(ObjectInputStream.java:1299)
	at java.io.ObjectInputStream.readObject(ObjectInputStream.java:339)
	at com.simpledata.filetools.encoders.SelfDT_Serializable.getObject(SelfDT_Serializable.java:78)
	at com.simpledata.filetools.encoders.SelfDT_SerializableXMLArmored.getObject(SelfDT_SerializableXMLArmored.java:73)
	at com.simpledata.filetools.SecuSelf.getObjectDecoder(SecuSelf.java:166)
	at com.simpledata.filetools.SecuSelf.readPart(SecuSelf.java:401)
	at com.simpledata.filetools.SecuSelf.getData(SecuSelf.java:360)
	at com.simpledata.filetools.Secu.getData(Secu.java:498)
	at com.simpledata.filetools.Secu.getData(Secu.java:448)
	at com.simpledata.bc.datatools.IOLib.loadObject(IOLib.java:192)
	at com.simpledata.bc.datatools.IOLib.access$1(IOLib.java:190)
	at com.simpledata.bc.datatools.IOLib$2.run(IOLib.java:112)
	at foxtrot.AbstractWorkerThread$2.run(AbstractWorkerThread.java:49)
	at java.security.AccessController.doPrivileged(Native Method)
	at foxtrot.AbstractWorkerThread.runTask(AbstractWorkerThread.java:45)
	at foxtrot.workers.DefaultWorkerThread.run(DefaultWorkerThread.java:153)
	at java.lang.Thread.run(Thread.java:613)
ERROR [AWT-EventQueue-0] uitools.streetable.STreeTable	Cannot remove an unkown column com.simpledata.bc.uitools.streetable.STreeTable.removeColumn(STreeTable.java:395)
java.lang.Exception
	at com.simpledata.bc.uitools.streetable.STreeTable.removeColumn(STreeTable.java:395)
	at com.simpledata.bc.uicomponents.simulation.Simulator.buildUI(Simulator.java:294)
	at com.simpledata.bc.uicomponents.simulation.Simulator.<init>(Simulator.java:167)
	at com.simpledata.bc.uicomponents.simulation.Simulator.openSimulation(Simulator.java:210)
	at com.simpledata.bc.datatools.FileManagement.promptFileAndStartApp(FileManagement.java:274)
	at com.simpledata.bc.webcontrol.BCControler.menu_file_open(BCControler.java:160)
	at com.simpledata.bc.webcontrol.BCControler.handleDirect(BCControler.java:183)
	at com.simpledata.bc.webcontrol.ControlServer.handleDirect(ControlServer.java:106)
	at com.simpledata.bc.uitools.MyEditorPane.setPage(MiniBrowser.java:181)
	at com.simpledata.html.HtmlPanel$PageLoader.run(HtmlPanel.java:163)
	at java.awt.event.InvocationEvent.dispatch(InvocationEvent.java:209)
	at java.awt.EventQueue.dispatchEvent(EventQueue.java:461)
	at java.awt.EventDispatchThread.pumpOneEventForHierarchy(EventDispatchThread.java:269)
	at java.awt.EventDispatchThread.pumpEventsForHierarchy(EventDispatchThread.java:190)
	at java.awt.EventDispatchThread.pumpEvents(EventDispatchThread.java:184)
	at java.awt.EventDispatchThread.pumpEvents(EventDispatchThread.java:176)
	at java.awt.EventDispatchThread.run(EventDispatchThread.java:110)
ERROR [main] simpledata.bc.Params	Need to define a default value for key : companyName com.simpledata.bc.Params.getDefaultValue(Params.java:439)
ERROR [AWT-EventQueue-0] simpledata.bc.Params	Need to define a default value for key : last_update_remote_timestamp com.simpledata.bc.Params.getDefaultValue(Params.java:439)
ERROR [AWT-EventQueue-0] simpledata.bc.Params	Need to define a default value for key : last_update_local_timestamp com.simpledata.bc.Params.getDefaultValue(Params.java:439)
ERROR [AWT-EventQueue-0] simpledata.bc.Params	Need to define a default value for key : subscr_expires com.simpledata.bc.Params.getDefaultValue(Params.java:439)
ERROR [main] simpledata.bc.Params	Need to define a default value for key : companyName com.simpledata.bc.Params.getDefaultValue(Params.java:439)
ERROR [AWT-EventQueue-0] simpledata.bc.Params	Need to define a default value for key : last_update_remote_timestamp com.simpledata.bc.Params.getDefaultValue(Params.java:439)
ERROR [AWT-EventQueue-0] simpledata.bc.Params	Need to define a default value for key : last_update_local_timestamp com.simpledata.bc.Params.getDefaultValue(Params.java:439)
ERROR [AWT-EventQueue-0] simpledata.bc.Params	Need to define a default value for key : subscr_expires com.simpledata.bc.Params.getDefaultValue(Params.java:439)
ERROR [main] simpledata.bc.Params	Need to define a default value for key : companyName com.simpledata.bc.Params.getDefaultValue(Params.java:439)
ERROR [AWT-EventQueue-0] simpledata.bc.Params	Need to define a default value for key : last_update_remote_timestamp com.simpledata.bc.Params.getDefaultValue(Params.java:439)
ERROR [AWT-EventQueue-0] simpledata.bc.Params	Need to define a default value for key : last_update_local_timestamp com.simpledata.bc.Params.getDefaultValue(Params.java:439)
ERROR [AWT-EventQueue-0] simpledata.bc.Params	Need to define a default value for key : subscr_expires com.simpledata.bc.Params.getDefaultValue(Params.java:439)
ERROR [AWT-EventQueue-0] simpledata.bc.Params	Need to define a default value for key : last_update_remote_timestamp com.simpledata.bc.Params.getDefaultValue(Params.java:439)
ERROR [AWT-EventQueue-0] simpledata.bc.Params	Need to define a default value for key : last_update_local_timestamp com.simpledata.bc.Params.getDefaultValue(Params.java:439)
ERROR [AWT-EventQueue-0] simpledata.bc.Params	Need to define a default value for key : subscr_expires com.simpledata.bc.Params.getDefaultValue(Params.java:439)
ERROR [AWT-EventQueue-0] simpledata.bc.Params	Need to define a default value for key : last_update_remote_timestamp com.simpledata.bc.Params.getDefaultValue(Params.java:439)
ERROR [AWT-EventQueue-0] simpledata.bc.Params	Need to define a default value for key : last_update_local_timestamp com.simpledata.bc.Params.getDefaultValue(Params.java:439)
ERROR [AWT-EventQueue-0] simpledata.bc.Params	Need to define a default value for key : subscr_expires com.simpledata.bc.Params.getDefaultValue(Params.java:439)
ERROR [AWT-EventQueue-0] simpledata.bc.Params	Need to define a default value for key : last_update_remote_timestamp com.simpledata.bc.Params.getDefaultValue(Params.java:439)
ERROR [AWT-EventQueue-0] simpledata.bc.Params	Need to define a default value for key : last_update_local_timestamp com.simpledata.bc.Params.getDefaultValue(Params.java:439)
ERROR [AWT-EventQueue-0] simpledata.bc.Params	Need to define a default value for key : subscr_expires com.simpledata.bc.Params.getDefaultValue(Params.java:439)
ERROR [AWT-EventQueue-0] simpledata.bc.Params	Need to define a default value for key : last_update_remote_timestamp com.simpledata.bc.Params.getDefaultValue(Params.java:439)
ERROR [AWT-EventQueue-0] simpledata.bc.Params	Need to define a default value for key : last_update_local_timestamp com.simpledata.bc.Params.getDefaultValue(Params.java:439)
ERROR [AWT-EventQueue-0] simpledata.bc.Params	Need to define a default value for key : subscr_expires com.simpledata.bc.Params.getDefaultValue(Params.java:439)
ERROR [AWT-EventQueue-0] simpledata.bc.Params	Need to define a default value for key : last_update_remote_timestamp com.simpledata.bc.Params.getDefaultValue(Params.java:439)
ERROR [AWT-EventQueue-0] simpledata.bc.Params	Need to define a default value for key : last_update_local_timestamp com.simpledata.bc.Params.getDefaultValue(Params.java:439)
ERROR [AWT-EventQueue-0] simpledata.bc.Params	Need to define a default value for key : subscr_expires com.simpledata.bc.Params.getDefaultValue(Params.java:439)
ERROR [main] simpledata.bc.Params	Need to define a default value for key : companyName com.simpledata.bc.Params.getDefaultValue(Params.java:439)
ERROR [Foxtrot Default Worker Thread] simpledata.filetools.SimpleException	SimpleException302:  com.simpledata.filetools.SimpleException.<init>(SimpleException.java:92)
java.io.InvalidClassException: com.simpledata.bc.datamodel.Named; local class incompatible: stream classdesc serialVersionUID = -1276215195591827780, local class serialVersionUID = -4933007754501680865
	at java.io.ObjectStreamClass.initNonProxy(ObjectStreamClass.java:519)
	at java.io.ObjectInputStream.readNonProxyDesc(ObjectInputStream.java:1546)
	at java.io.ObjectInputStream.readClassDesc(ObjectInputStream.java:1460)
	at java.io.ObjectInputStream.readNonProxyDesc(ObjectInputStream.java:1546)
	at java.io.ObjectInputStream.readClassDesc(ObjectInputStream.java:1460)
	at java.io.ObjectInputStream.readOrdinaryObject(ObjectInputStream.java:1693)
	at java.io.ObjectInputStream.readObject0(ObjectInputStream.java:1299)
	at java.io.ObjectInputStream.readObject(ObjectInputStream.java:339)
	at com.simpledata.filetools.encoders.SelfDT_Serializable.getObject(SelfDT_Serializable.java:78)
	at com.simpledata.filetools.encoders.SelfDT_SerializableXMLArmored.getObject(SelfDT_SerializableXMLArmored.java:73)
	at com.simpledata.filetools.SecuSelf.getObjectDecoder(SecuSelf.java:166)
	at com.simpledata.filetools.SecuSelf.readPart(SecuSelf.java:401)
	at com.simpledata.filetools.SecuSelf.getData(SecuSelf.java:360)
	at com.simpledata.filetools.Secu.getData(Secu.java:498)
	at com.simpledata.filetools.Secu.getData(Secu.java:448)
	at com.simpledata.bc.datatools.IOLib.loadObject(IOLib.java:192)
	at com.simpledata.bc.datatools.IOLib.access$1(IOLib.java:190)
	at com.simpledata.bc.datatools.IOLib$2.run(IOLib.java:112)
	at foxtrot.AbstractWorkerThread$2.run(AbstractWorkerThread.java:49)
	at java.security.AccessController.doPrivileged(Native Method)
	at foxtrot.AbstractWorkerThread.runTask(AbstractWorkerThread.java:45)
	at foxtrot.workers.DefaultWorkerThread.run(DefaultWorkerThread.java:153)
	at java.lang.Thread.run(Thread.java:613)
ERROR [AWT-EventQueue-0] uitools.streetable.STreeTable	Cannot remove an unkown column com.simpledata.bc.uitools.streetable.STreeTable.removeColumn(STreeTable.java:395)
java.lang.Exception
	at com.simpledata.bc.uitools.streetable.STreeTable.removeColumn(STreeTable.java:395)
	at com.simpledata.bc.uicomponents.simulation.Simulator.buildUI(Simulator.java:294)
	at com.simpledata.bc.uicomponents.simulation.Simulator.<init>(Simulator.java:167)
	at com.simpledata.bc.uicomponents.simulation.Simulator.openSimulation(Simulator.java:210)
	at com.simpledata.bc.datatools.FileManagement.promptFileAndStartApp(FileManagement.java:271)
	at com.simpledata.bc.webcontrol.BCControler.menu_file_open(BCControler.java:160)
	at com.simpledata.bc.webcontrol.BCControler.handleDirect(BCControler.java:183)
	at com.simpledata.bc.webcontrol.ControlServer.handleDirect(ControlServer.java:106)
	at com.simpledata.bc.uitools.MyEditorPane.setPage(MiniBrowser.java:181)
	at com.simpledata.html.HtmlPanel$PageLoader.run(HtmlPanel.java:163)
	at java.awt.event.InvocationEvent.dispatch(InvocationEvent.java:209)
	at java.awt.EventQueue.dispatchEvent(EventQueue.java:461)
	at java.awt.EventDispatchThread.pumpOneEventForHierarchy(EventDispatchThread.java:269)
	at java.awt.EventDispatchThread.pumpEventsForHierarchy(EventDispatchThread.java:190)
	at java.awt.EventDispatchThread.pumpEvents(EventDispatchThread.java:184)
	at java.awt.EventDispatchThread.pumpEvents(EventDispatchThread.java:176)
	at java.awt.EventDispatchThread.run(EventDispatchThread.java:110)
ERROR [main] simpledata.bc.Params	Need to define a default value for key : companyName com.simpledata.bc.Params.getDefaultValue(Params.java:439)
ERROR [Foxtrot Default Worker Thread] simpledata.filetools.SimpleException	SimpleException302:  com.simpledata.filetools.SimpleException.<init>(SimpleException.java:92)
java.io.InvalidClassException: com.simpledata.bc.datamodel.Named; local class incompatible: stream classdesc serialVersionUID = -1276215195591827780, local class serialVersionUID = -4933007754501680865
	at java.io.ObjectStreamClass.initNonProxy(ObjectStreamClass.java:519)
	at java.io.ObjectInputStream.readNonProxyDesc(ObjectInputStream.java:1546)
	at java.io.ObjectInputStream.readClassDesc(ObjectInputStream.java:1460)
	at java.io.ObjectInputStream.readNonProxyDesc(ObjectInputStream.java:1546)
	at java.io.ObjectInputStream.readClassDesc(ObjectInputStream.java:1460)
	at java.io.ObjectInputStream.readOrdinaryObject(ObjectInputStream.java:1693)
	at java.io.ObjectInputStream.readObject0(ObjectInputStream.java:1299)
	at java.io.ObjectInputStream.readObject(ObjectInputStream.java:339)
	at com.simpledata.filetools.encoders.SelfDT_Serializable.getObject(SelfDT_Serializable.java:78)
	at com.simpledata.filetools.encoders.SelfDT_SerializableXMLArmored.getObject(SelfDT_SerializableXMLArmored.java:73)
	at com.simpledata.filetools.SecuSelf.getObjectDecoder(SecuSelf.java:166)
	at com.simpledata.filetools.SecuSelf.readPart(SecuSelf.java:401)
	at com.simpledata.filetools.SecuSelf.getData(SecuSelf.java:360)
	at com.simpledata.filetools.Secu.getData(Secu.java:498)
	at com.simpledata.filetools.Secu.getData(Secu.java:448)
	at com.simpledata.bc.datatools.IOLib.loadObject(IOLib.java:192)
	at com.simpledata.bc.datatools.IOLib.access$1(IOLib.java:190)
	at com.simpledata.bc.datatools.IOLib$2.run(IOLib.java:112)
	at foxtrot.AbstractWorkerThread$2.run(AbstractWorkerThread.java:49)
	at java.security.AccessController.doPrivileged(Native Method)
	at foxtrot.AbstractWorkerThread.runTask(AbstractWorkerThread.java:45)
	at foxtrot.workers.DefaultWorkerThread.run(DefaultWorkerThread.java:153)
	at java.lang.Thread.run(Thread.java:613)
ERROR [AWT-EventQueue-0] uitools.streetable.STreeTable	Cannot remove an unkown column com.simpledata.bc.uitools.streetable.STreeTable.removeColumn(STreeTable.java:395)
java.lang.Exception
	at com.simpledata.bc.uitools.streetable.STreeTable.removeColumn(STreeTable.java:395)
	at com.simpledata.bc.uicomponents.simulation.Simulator.buildUI(Simulator.java:294)
	at com.simpledata.bc.uicomponents.simulation.Simulator.<init>(Simulator.java:167)
	at com.simpledata.bc.uicomponents.simulation.Simulator.openSimulation(Simulator.java:210)
	at com.simpledata.bc.datatools.FileManagement.promptFileAndStartApp(FileManagement.java:271)
	at com.simpledata.bc.webcontrol.BCControler.menu_file_open(BCControler.java:160)
	at com.simpledata.bc.webcontrol.BCControler.handleDirect(BCControler.java:183)
	at com.simpledata.bc.webcontrol.ControlServer.handleDirect(ControlServer.java:106)
	at com.simpledata.bc.uitools.MyEditorPane.setPage(MiniBrowser.java:181)
	at com.simpledata.html.HtmlPanel$PageLoader.run(HtmlPanel.java:163)
	at java.awt.event.InvocationEvent.dispatch(InvocationEvent.java:209)
	at java.awt.EventQueue.dispatchEvent(EventQueue.java:461)
	at java.awt.EventDispatchThread.pumpOneEventForHierarchy(EventDispatchThread.java:269)
	at java.awt.EventDispatchThread.pumpEventsForHierarchy(EventDispatchThread.java:190)
	at java.awt.EventDispatchThread.pumpEvents(EventDispatchThread.java:184)
	at java.awt.EventDispatchThread.pumpEvents(EventDispatchThread.java:176)
	at java.awt.EventDispatchThread.run(EventDispatchThread.java:110)
ERROR [main] simpledata.bc.Params	Need to define a default value for key : companyName com.simpledata.bc.Params.getDefaultValue(Params.java:439)
ERROR [main] simpledata.bc.Params	Need to define a default value for key : companyName com.simpledata.bc.Params.getDefaultValue(Params.java:439)
ERROR [main] simpledata.bc.Params	Need to define a default value for key : companyName com.simpledata.bc.Params.getDefaultValue(Params.java:439)
ERROR [main] simpledata.bc.Params	Need to define a default value for key : ALLOY_LAF com.simpledata.bc.Params.getDefaultValue(Params.java:439)
ERROR [main] simpledata.bc.Params	Need to define a default value for key : companyName com.simpledata.bc.Params.getDefaultValue(Params.java:439)
